[20:09:40] [main/INFO]: Loading Minecraft 1.21 with Fabric Loader 0.16.9
[20:09:41] [main/INFO]: Loading 54 mods:
	- architectury 13.0.8
	- chunky 1.4.16
	- clumps 18.0.0.2
	- collective 7.87
	- doubledoors 5.9
	- fabric-api 0.102.0+1.21
	   |-- fabric-api-base 0.4.42+6573ed8cd1
	   |-- fabric-api-lookup-api-v1 1.6.68+b5597344d1
	   |-- fabric-biome-api-v1 13.0.29+5bd9f1bcd1
	   |-- fabric-block-api-v1 1.0.22+0af3f5a7d1
	   |-- fabric-block-view-api-v2 1.0.10+6573ed8cd1
	   |-- fabric-blockrenderlayer-v1 1.1.52+0af3f5a7d1
	   |-- fabric-client-tags-api-v1 1.1.15+6573ed8cd1
	   |-- fabric-command-api-v1 1.2.49+f71b366fd1
	   |-- fabric-command-api-v2 2.2.28+6ced4dd9d1
	   |-- fabric-commands-v0 0.2.66+df3654b3d1
	   |-- fabric-content-registries-v0 8.0.16+b5597344d1
	   |-- fabric-convention-tags-v1 2.0.19+7f945d5bd1
	   |-- fabric-convention-tags-v2 2.5.0+c5e2b5c6d1
	   |-- fabric-crash-report-info-v1 0.2.29+0af3f5a7d1
	   |-- fabric-data-attachment-api-v1 1.1.27+6a6dfa19d1
	   |-- fabric-data-generation-api-v1 20.2.16+16c4ae25d1
	   |-- fabric-dimensions-v1 4.0.0+6fc22b99d1
	   |-- fabric-entity-events-v1 1.6.12+6fc22b99d1
	   |-- fabric-events-interaction-v0 0.7.12+ba9dae06d1
	   |-- fabric-game-rule-api-v1 1.0.53+6ced4dd9d1
	   |-- fabric-item-api-v1 11.0.0+afdfc921d1
	   |-- fabric-item-group-api-v1 4.1.4+78017270d1
	   |-- fabric-key-binding-api-v1 1.0.47+0af3f5a7d1
	   |-- fabric-keybindings-v0 0.2.45+df3654b3d1
	   |-- fabric-lifecycle-events-v1 2.3.12+6c1df360d1
	   |-- fabric-loot-api-v2 3.0.14+3f89f5a5d1
	   |-- fabric-loot-api-v3 1.0.2+3f89f5a5d1
	   |-- fabric-message-api-v1 6.0.13+6573ed8cd1
	   |-- fabric-model-loading-api-v1 2.0.0+fe474d6bd1
	   |-- fabric-networking-api-v1 4.2.2+60c3209bd1
	   |-- fabric-object-builder-api-v1 15.2.0+a551f7a4d1
	   |-- fabric-particles-v1 4.0.2+6573ed8cd1
	   |-- fabric-recipe-api-v1 5.0.12+65089712d1
	   |-- fabric-registry-sync-v0 5.1.2+60c3209bd1
	   |-- fabric-renderer-api-v1 3.4.0+c705a49cd1
	   |-- fabric-renderer-indigo 1.7.0+c705a49cd1
	   |-- fabric-renderer-registries-v1 3.2.68+df3654b3d1
	   |-- fabric-rendering-data-attachment-v1 0.3.48+73761d2ed1
	   |-- fabric-rendering-fluids-v1 3.1.6+b5597344d1
	   |-- fabric-rendering-v0 1.1.71+df3654b3d1
	   |-- fabric-rendering-v1 5.0.5+df16efd0d1
	   |-- fabric-resource-conditions-api-v1 4.3.0+8dc279b1d1
	   |-- fabric-resource-loader-v0 1.3.0+56599129d1
	   |-- fabric-screen-api-v1 2.0.24+b5597344d1
	   |-- fabric-screen-handler-api-v1 1.3.86+b5597344d1
	   |-- fabric-sound-api-v1 1.0.23+6573ed8cd1
	   |-- fabric-transfer-api-v1 5.1.16+3dccd343d1
	   \-- fabric-transitive-access-wideners-v1 6.1.0+176f9036d1
	- fabricloader 0.16.9
	   \-- mixinextras 0.4.1
	- infinitetrading 4.5
	- java 21
	- jei 19.21.0.247
	- lithium 0.13.1
	- minecraft 1.21
	- mr_daycounter 1.2.1
	- nerb 0.4.1
	- nochatreports 1.21.1-v2.9.0
	- octolib 0.4.2
	   \-- org_yaml_snakeyaml 2.2
[20:09:41] [main/INFO]: SpongePowered MIXIN Subsystem Version=0.8.7 Source=file:/workspaces/Survivalito/servidor_minecraft/libraries/net/fabricmc/sponge-mixin/0.15.4+mixin.0.8.7/sponge-mixin-0.15.4+mixin.0.8.7.jar Service=Knot/Fabric Env=SERVER
[20:09:41] [main/INFO]: Compatibility level set to JAVA_16
[20:09:41] [main/INFO]: Compatibility level set to JAVA_17
[20:09:41] [main/INFO]: Compatibility level set to JAVA_18
[20:09:41] [main/INFO]: Compatibility level set to JAVA_21
[20:09:42] [main/INFO]: Loaded configuration file for Lithium: 144 options available, 0 override(s) found
[20:09:42] [main/WARN]: Reference map 'OctoLib-COMMON-common-refmap.json' for octolib.mixins.json could not be read. If this is a development environment you can ignore this message
[20:09:45] [main/INFO]: Initializing MixinExtras via com.llamalad7.mixinextras.service.MixinExtrasServiceImpl(version=0.4.1).
[20:10:07] [main/INFO]: Loading Collective version 7.87.
[20:10:08] [main/INFO]: Environment: Environment[sessionHost=https://sessionserver.mojang.com, servicesHost=https://api.minecraftservices.com, name=PROD]
[20:10:15] [main/INFO]: Loaded 1290 recipes
[20:10:16] [main/INFO]: Loaded 1399 advancements
[20:10:17] [main/INFO]: Applied 0 biome modifications to 0 of 64 new biomes in 1.824 ms
[20:10:17] [Server thread/INFO]: Starting minecraft server version 1.21
[20:10:17] [Server thread/INFO]: Loading properties
[20:10:17] [Server thread/INFO]: Default game type: SURVIVAL
[20:10:17] [Server thread/INFO]: Generating keypair
[20:10:18] [Server thread/INFO]: Starting Minecraft server on *:25565
[20:10:18] [Server thread/INFO]: Using epoll channel type
[20:10:18] [Server thread/WARN]: **** SERVER IS RUNNING IN OFFLINE/INSECURE MODE!
[20:10:18] [Server thread/WARN]: The server will make no attempt to authenticate usernames. Beware.
[20:10:18] [Server thread/WARN]: While this makes the game possible to play without internet access, it also opens up the ability for hackers to connect with any username they choose.
[20:10:18] [Server thread/WARN]: To change this, set "online-mode" to "true" in the server.properties file.
[20:10:18] [Server thread/INFO]: Preparing level "world"
[20:10:32] [Server thread/INFO]: Preparing start region for dimension minecraft:overworld
[20:10:33] [Worker-Main-1/INFO]: Preparing spawn area: 0%
[20:10:33] [Worker-Main-1/INFO]: Preparing spawn area: 0%
[20:10:33] [Worker-Main-1/INFO]: Preparing spawn area: 0%
[20:10:34] [Server thread/INFO]: Time elapsed: 1751 ms
[20:10:34] [Server thread/INFO]: Done (15.651s)! For help, type "help"
[20:12:15] [Server thread/INFO]: DasVicgeta[/100.126.205.66:52266] logged in with entity id 47 at (10309.699999988079, 139.0, 354.37969401097206)
[20:12:15] [Server thread/INFO]: DasVicgeta joined the game
[20:13:10] [Server thread/INFO]: DasVicgeta lost connection: Disconnected
[20:13:10] [Server thread/INFO]: DasVicgeta left the game
[20:14:28] [Server thread/INFO]: DasVicgeta[/100.126.205.66:52299] logged in with entity id 304 at (10308.681972698889, 137.0, 363.61721186108167)
[20:14:28] [Server thread/INFO]: DasVicgeta joined the game
[20:17:26] [Server thread/INFO]: EzyyZzz[/100.84.44.112:52002] logged in with entity id 775 at (10303.897526332492, 137.0, 408.5464586420382)
[20:17:26] [Server thread/INFO]: EzyyZzz joined the game
[20:25:48] [Server thread/INFO]: [DasVicgeta: Set own game mode to Creative Mode]
[20:25:54] [Server thread/INFO]: [DasVicgeta: Set own game mode to Survival Mode]
[20:27:38] [Server thread/INFO]: [DasVicgeta: Set own game mode to Creative Mode]
[20:27:42] [Server thread/INFO]: [DasVicgeta: Set own game mode to Survival Mode]
[20:27:44] [Server thread/WARN]: DasVicgeta moved wrongly!
[20:30:53] [Server thread/INFO]: [DasVicgeta: Set own game mode to Creative Mode]
[20:31:02] [Server thread/INFO]: [DasVicgeta: Set own game mode to Survival Mode]
[20:31:05] [Server thread/INFO]: [DasVicgeta: Set own game mode to Creative Mode]
[20:32:33] [Server thread/INFO]: [DasVicgeta: Set own game mode to Survival Mode]
[20:39:10] [Server thread/WARN]: DasVicgeta moved wrongly!
[20:39:30] [Server thread/INFO]: [DasVicgeta: Set own game mode to Creative Mode]
[20:39:56] [Server thread/INFO]: [DasVicgeta: Set own game mode to Survival Mode]
[20:40:27] [Server thread/INFO]: [DasVicgeta: Set own game mode to Creative Mode]
[20:40:46] [Server thread/INFO]: [DasVicgeta: Set own game mode to Survival Mode]
[20:47:55] [Server thread/INFO]: [DasVicgeta: Set own game mode to Creative Mode]
[20:48:09] [Server thread/INFO]: [DasVicgeta: Set own game mode to Survival Mode]
[20:48:17] [Server thread/INFO]: [DasVicgeta: Set own game mode to Creative Mode]
[20:48:18] [Server thread/INFO]: [DasVicgeta: Set own game mode to Survival Mode]
[20:48:20] [Server thread/INFO]: [DasVicgeta: Set own game mode to Creative Mode]
[20:48:22] [Server thread/INFO]: [DasVicgeta: Set own game mode to Survival Mode]
[20:52:06] [Server thread/WARN]: DasVicgeta moved wrongly!
[20:55:05] [Server thread/INFO]: [DasVicgeta: Set own game mode to Creative Mode]
[20:58:09] [Server thread/INFO]: [DasVicgeta: Set own game mode to Survival Mode]
[20:58:25] [Server thread/INFO]: [DasVicgeta: Set own game mode to Creative Mode]
[20:59:33] [Server thread/INFO]: [DasVicgeta: Set own game mode to Survival Mode]
[20:59:38] [Server thread/INFO]: [DasVicgeta: Set own game mode to Creative Mode]
[21:01:15] [Server thread/INFO]: [DasVicgeta: Set own game mode to Survival Mode]
[21:01:21] [Server thread/INFO]: [DasVicgeta: Set own game mode to Creative Mode]
[21:02:02] [Server thread/INFO]: [DasVicgeta: Set own game mode to Survival Mode]
[21:06:16] [Server thread/INFO]: EzyyZzz lost connection: Disconnected
[21:06:16] [Server thread/INFO]: EzyyZzz left the game
[21:09:19] [Server thread/INFO]: [DasVicgeta: Set own game mode to Creative Mode]
[21:14:18] [Server thread/INFO]: [DasVicgeta: Set own game mode to Survival Mode]
[21:15:28] [Server thread/INFO]: [DasVicgeta: Set own game mode to Creative Mode]
[21:16:58] [Server thread/INFO]: [DasVicgeta: Set own game mode to Survival Mode]
[21:18:09] [Server thread/INFO]: [DasVicgeta: Set own game mode to Creative Mode]
[21:27:12] [Server thread/INFO]: [DasVicgeta: Set own game mode to Survival Mode]
[21:27:28] [Server thread/INFO]: [DasVicgeta: Set own game mode to Creative Mode]
[21:30:31] [Server thread/INFO]: com.mojang.authlib.GameProfile@632b5d38[id=06cb1a0d-c293-384a-8dee-1d5166fdc416,name=EzyyZzz,properties={}] lost connection: Disconnected
[21:30:40] [Server thread/INFO]: [DasVicgeta: Set own game mode to Survival Mode]
[21:31:15] [Server thread/INFO]: culodeperro[/100.84.44.112:50755] logged in with entity id 15215 at (-0.5, 118.0, 5.5)
[21:31:15] [Server thread/INFO]: culodeperro joined the game
[21:31:55] [Server thread/INFO]: <culodeperro> hola
[21:31:58] [Server thread/INFO]: <DasVicgeta> HI
[21:32:08] [Server thread/INFO]: <culodeperro> quien eres?
[21:32:14] [Server thread/INFO]: <DasVicgeta> quien eres tu
[21:32:24] [Server thread/INFO]: <culodeperro> soy sebastian
[21:32:31] [Server thread/INFO]: <DasVicgeta> ok
[21:32:38] [Server thread/INFO]: <culodeperro> mamaguevo tepeame
[21:32:47] [Server thread/INFO]: <DasVicgeta> no hay tp sorry espera a santiago
[21:32:52] [Server thread/INFO]: <culodeperro> no seas marico
[21:32:57] [Server thread/INFO]: <culodeperro> haz tp
[21:33:04] [Server thread/INFO]: <DasVicgeta> santiago es el admin
[21:33:21] [Server thread/INFO]: <culodeperro> no mamaguevo yo le dije y me dijo que eras tu
[21:33:28] [Server thread/INFO]: <DasVicgeta> que mentira
[21:33:32] [Server thread/INFO]: <culodeperro> haz tp no seas flojo maricon
[21:33:37] [Server thread/INFO]: <DasVicgeta> ando ocupado
[21:33:42] [Server thread/INFO]: [DasVicgeta: Teleported culodeperro to DasVicgeta]
[21:33:53] [Server thread/INFO]: culodeperro was slain by DasVicgeta
[21:33:57] [Server thread/INFO]: [DasVicgeta: Teleported culodeperro to DasVicgeta]
[21:33:58] [Server thread/INFO]: <culodeperro> eres marico?
[21:34:03] [Server thread/INFO]: <DasVicgeta> si me pegas moris
[21:34:06] [Server thread/INFO]: <DasVicgeta> es la unica regla
[21:34:08] [Server thread/INFO]: <culodeperro> mariquito
[21:34:52] [Server thread/INFO]: <culodeperro> ten un regalo
[21:35:08] [Server thread/INFO]: <culodeperro> ayuaaa
[21:35:26] [Server thread/INFO]: <culodeperro> toma
[21:35:30] [Server thread/INFO]: culodeperro was slain by DasVicgeta
[21:35:32] [Server thread/INFO]: <DasVicgeta> xd
[21:35:35] [Server thread/INFO]: [DasVicgeta: Teleported culodeperro to DasVicgeta]
[21:35:35] [Server thread/INFO]: <culodeperro> que pasa?
[21:35:39] [Server thread/INFO]: <culodeperro> toma
[21:35:49] [Server thread/INFO]: <DasVicgeta> grx
[21:35:54] [Server thread/INFO]: <culodeperro> para que te la metas por el culo como te gusta
[21:36:01] [Server thread/INFO]: culodeperro was slain by DasVicgeta
[21:36:05] [Server thread/INFO]: <culodeperro> jajaja
[21:36:16] [Server thread/INFO]: <culodeperro> me voy de este mundo de maricas
[21:36:21] [Server thread/INFO]: <culodeperro> puro creativo
[21:36:41] [Server thread/INFO]: <culodeperro> muajajaja
[21:36:43] [Server thread/INFO]: <culodeperro> perra
[21:36:46] [Server thread/INFO]: culodeperro lost connection: Disconnected
[21:36:46] [Server thread/INFO]: culodeperro left the game
[21:37:54] [Server thread/INFO]: SrAuronPlay[/100.84.44.112:50835] logged in with entity id 18823 at (5.5, 119.0, 10.5)
[21:37:54] [Server thread/INFO]: SrAuronPlay joined the game
[21:38:01] [Server thread/INFO]: <SrAuronPlay> hola chaval
[21:38:08] [Server thread/INFO]: <SrAuronPlay> hazme tp tio
[21:38:23] [Server thread/INFO]: <SrAuronPlay> chaval
[21:38:28] [Server thread/INFO]: <SrAuronPlay> me haces tp tio?
[21:38:41] [Server thread/INFO]: <SrAuronPlay> ostia
[21:39:32] [Server thread/INFO]: <SrAuronPlay> tio?
[21:40:07] [Server thread/INFO]: SrAuronPlay lost connection: Disconnected
[21:40:07] [Server thread/INFO]: SrAuronPlay left the game
[21:41:12] [Server thread/INFO]: EzyyZzz[/100.84.44.112:50870] logged in with entity id 20261 at (10302.007298779325, 139.0, 371.06338111646096)
[21:41:13] [Server thread/INFO]: EzyyZzz joined the game
[21:41:19] [Server thread/INFO]: <EzyyZzz> mano?
[21:41:28] [Server thread/INFO]: <EzyyZzz> que hizo mi primo?
[21:41:51] [Server thread/INFO]: [DasVicgeta: Banned EzyyZzz: Banned by an operator.]
[21:41:51] [Server thread/INFO]: EzyyZzz lost connection: You are banned from this server
[21:41:51] [Server thread/INFO]: EzyyZzz left the game
[21:41:51] [Server thread/WARN]: handleDisconnection() called twice
[21:41:54] [Server thread/INFO]: Disconnecting EzyyZzz (/100.84.44.112:50878): You are banned from this server.
Reason: Banned by an operator.
[21:41:54] [Server thread/INFO]: EzyyZzz (/100.84.44.112:50878) lost connection: You are banned from this server.
Reason: Banned by an operator.
[21:41:54] [Server thread/WARN]: handleDisconnection() called twice
[21:41:59] [Server thread/INFO]: Disconnecting EzyyZzz (/100.84.44.112:50879): You are banned from this server.
Reason: Banned by an operator.
[21:41:59] [Server thread/INFO]: EzyyZzz (/100.84.44.112:50879) lost connection: You are banned from this server.
Reason: Banned by an operator.
[21:41:59] [Server thread/WARN]: handleDisconnection() called twice
[21:42:01] [Server thread/INFO]: Disconnecting EzyyZzz (/100.84.44.112:50880): You are banned from this server.
Reason: Banned by an operator.
[21:42:01] [Server thread/INFO]: EzyyZzz (/100.84.44.112:50880) lost connection: You are banned from this server.
Reason: Banned by an operator.
[21:42:01] [Server thread/WARN]: handleDisconnection() called twice
[21:42:02] [Server thread/INFO]: Disconnecting EzyyZzz (/100.84.44.112:50881): You are banned from this server.
Reason: Banned by an operator.
[21:42:02] [Server thread/INFO]: EzyyZzz (/100.84.44.112:50881) lost connection: You are banned from this server.
Reason: Banned by an operator.
[21:42:02] [Server thread/WARN]: handleDisconnection() called twice
[21:42:04] [Server thread/INFO]: Disconnecting EzyyZzz (/100.84.44.112:50882): You are banned from this server.
Reason: Banned by an operator.
[21:42:04] [Server thread/INFO]: EzyyZzz (/100.84.44.112:50882) lost connection: You are banned from this server.
Reason: Banned by an operator.
[21:42:04] [Server thread/WARN]: handleDisconnection() called twice
[21:42:05] [Server thread/INFO]: Disconnecting EzyyZzz (/100.84.44.112:50883): You are banned from this server.
Reason: Banned by an operator.
[21:42:05] [Server thread/INFO]: EzyyZzz (/100.84.44.112:50883) lost connection: You are banned from this server.
Reason: Banned by an operator.
[21:42:05] [Server thread/WARN]: handleDisconnection() called twice
[21:42:32] [Server thread/INFO]: Disconnecting EzyyZzz (/100.84.44.112:50897): You are banned from this server.
Reason: Banned by an operator.
[21:42:32] [Server thread/INFO]: EzyyZzz (/100.84.44.112:50897) lost connection: You are banned from this server.
Reason: Banned by an operator.
[21:42:32] [Server thread/WARN]: handleDisconnection() called twice
[21:42:51] [Server thread/INFO]: Disconnecting EzyyZzz (/100.84.44.112:50903): You are banned from this server.
Reason: Banned by an operator.
[21:42:51] [Server thread/INFO]: EzyyZzz (/100.84.44.112:50903) lost connection: You are banned from this server.
Reason: Banned by an operator.
[21:42:51] [Server thread/WARN]: handleDisconnection() called twice
[21:43:13] [Server thread/INFO]: Unknown or incomplete command, see below for error
[21:43:13] [Server thread/INFO]: unban EzyyZzz<--[HERE]
[21:45:06] [Server thread/INFO]: Unbanned EzyyZzz
[21:45:09] [Server thread/INFO]: EzyyZzz[/100.84.44.112:50970] logged in with entity id 20996 at (10311.68757895784, 139.0, 368.0122642455786)
[21:45:09] [Server thread/INFO]: EzyyZzz joined the game
[21:46:07] [Server thread/INFO]: <EzyyZzz> xd
[21:47:05] [Server thread/INFO]: DasVicgeta lost connection: Kicked by an operator
[21:47:05] [Server thread/INFO]: DasVicgeta left the game
[21:47:05] [Server thread/INFO]: Kicked DasVicgeta: Kicked by an operator
[21:47:05] [Server thread/WARN]: handleDisconnection() called twice
[21:47:40] [Server thread/INFO]: DasVicgeta[/100.126.205.66:52592] logged in with entity id 21542 at (10227.742970412943, 246.0, 432.1523822054157)
[21:47:40] [Server thread/INFO]: DasVicgeta joined the game
[21:47:45] [Server thread/INFO]: <DasVicgeta> nombre
[21:47:50] [Server thread/INFO]: <EzyyZzz> que nombre
[21:47:54] [Server thread/INFO]: <EzyyZzz> soy santiago xd
[21:47:57] [Server thread/INFO]: <DasVicgeta> habla
[21:48:07] [Server thread/INFO]: <EzyyZzz> pero estas con tu pai xd
[21:48:12] [Server thread/INFO]: <DasVicgeta> ya se fue
[21:49:28] [Server thread/INFO]: EzyyZzz lost connection: Disconnected
[21:49:28] [Server thread/INFO]: EzyyZzz left the game
[21:49:34] [Server thread/INFO]: SrAuronPlay[/100.84.44.112:51024] logged in with entity id 21940 at (139.85602459764814, 119.79673560066871, 208.284658478963)
[21:49:34] [Server thread/INFO]: SrAuronPlay joined the game
[21:49:48] [Server thread/INFO]: [DasVicgeta: Teleported SrAuronPlay to DasVicgeta]
[21:50:00] [Server thread/INFO]: SrAuronPlay lost connection: Disconnected
[21:50:00] [Server thread/INFO]: SrAuronPlay left the game
[21:51:18] [Server thread/INFO]: Mikecrack[/100.84.44.112:51056] logged in with entity id 22744 at (0.5, 118.0, 2.5)
[21:51:18] [Server thread/INFO]: Mikecrack joined the game
[21:51:24] [Server thread/INFO]: [DasVicgeta: Teleported Mikecrack to DasVicgeta]
[21:51:33] [Server thread/INFO]: Mikecrack lost connection: Disconnected
[21:51:33] [Server thread/INFO]: Mikecrack left the game
[21:51:51] [Server thread/INFO]: Dasvicgeta[/100.84.44.112:51069] logged in with entity id 23215 at (-9.5, 118.0, -0.5)
[21:51:51] [Server thread/INFO]: Dasvicgeta joined the game
[21:51:59] [Server thread/INFO]: Dasvicgeta lost connection: Disconnected
[21:51:59] [Server thread/INFO]: Dasvicgeta left the game
[21:52:00] [Server thread/INFO]: [DasVicgeta: Teleported DasVicgeta to DasVicgeta]
[21:52:14] [Server thread/INFO]: DasVicgeta lost connection: You logged in from another location
[21:52:14] [Server thread/INFO]: DasVicgeta left the game
[21:52:14] [Server thread/WARN]: handleDisconnection() called twice
[21:52:15] [Server thread/INFO]: DasVicgeta[/100.84.44.112:51082] logged in with entity id 23723 at (10227.781222285903, 246.0, 432.73668738616635)
[21:52:15] [Server thread/INFO]: DasVicgeta joined the game
[21:52:17] [Server thread/INFO]: DasVicgeta lost connection: You logged in from another location
[21:52:17] [Server thread/INFO]: DasVicgeta left the game
[21:52:17] [Server thread/WARN]: handleDisconnection() called twice
[21:52:17] [Server thread/INFO]: DasVicgeta[/100.126.205.66:52618] logged in with entity id 23822 at (10227.781222285903, 246.0, 432.73668738616635)
[21:52:17] [Server thread/INFO]: DasVicgeta joined the game
[21:52:19] [Server thread/INFO]: DasVicgeta lost connection: You logged in from another location
[21:52:19] [Server thread/INFO]: DasVicgeta left the game
[21:52:20] [Server thread/INFO]: DasVicgeta[/100.84.44.112:51085] logged in with entity id 23929 at (10227.781222285903, 246.0, 432.73668738616635)
[21:52:20] [Server thread/INFO]: DasVicgeta joined the game
[21:52:20] [Server thread/INFO]: DasVicgeta lost connection: You logged in from another location
[21:52:20] [Server thread/INFO]: DasVicgeta left the game
[21:52:20] [Server thread/WARN]: handleDisconnection() called twice
[21:52:21] [Server thread/INFO]: DasVicgeta[/100.126.205.66:52621] logged in with entity id 23978 at (10227.781222285903, 246.0, 432.73668738616635)
[21:52:21] [Server thread/INFO]: DasVicgeta joined the game
[21:52:27] [Server thread/INFO]: EzyyZzz[/100.84.44.112:51103] logged in with entity id 24091 at (10316.995822322675, 139.0, 376.21119915855496)
[21:52:27] [Server thread/INFO]: EzyyZzz joined the game
[21:53:37] [Server thread/INFO]: [DasVicgeta: Teleported EzyyZzz to DasVicgeta]
[21:54:01] [Server thread/INFO]: EzyyZzz lost connection: Disconnected
[21:54:01] [Server thread/INFO]: EzyyZzz left the game
[21:54:17] [Server thread/INFO]: SSamu[/100.84.44.112:51122] logged in with entity id 24446 at (-0.5, 119.0, 10.5)
[21:54:17] [Server thread/INFO]: SSamu joined the game
[21:54:24] [Server thread/INFO]: [DasVicgeta: Teleported SSamu to DasVicgeta]
[21:54:31] [Server thread/INFO]: SSamu lost connection: Disconnected
[21:54:31] [Server thread/INFO]: SSamu left the game
[21:54:44] [Server thread/INFO]: Ssamu[/100.84.44.112:51134] logged in with entity id 24892 at (-6.5, 118.0, 2.5)
[21:54:44] [Server thread/INFO]: Ssamu joined the game
[21:54:48] [Server thread/WARN]: Can't keep up! Is the server overloaded? Running 2023ms or 40 ticks behind
[21:54:49] [Server thread/INFO]: [DasVicgeta: Teleported Ssamu to DasVicgeta]
[21:54:54] [Server thread/INFO]: Ssamu lost connection: Disconnected
[21:54:54] [Server thread/INFO]: Ssamu left the game
[21:55:01] [Server thread/INFO]: EzyyZzz[/100.84.44.112:51149] logged in with entity id 25293 at (10228.705500299995, 246.0, 431.40712673744986)
[21:55:01] [Server thread/INFO]: EzyyZzz joined the game
[21:58:31] [Server thread/WARN]: DasVicgeta moved wrongly!
[21:58:57] [Server thread/WARN]: DasVicgeta moved wrongly!
[22:04:34] [Server thread/INFO]: EzyyZzz lost connection: Disconnected
[22:04:34] [Server thread/INFO]: EzyyZzz left the game
[22:05:38] [Server thread/WARN]: Can't keep up! Is the server overloaded? Running 2352ms or 47 ticks behind
[22:08:59] [Server thread/INFO]: EzyyZzz[/100.84.44.112:52450] logged in with entity id 32309 at (10218.616041201378, 132.0, 432.9818939166881)
[22:08:59] [Server thread/INFO]: EzyyZzz joined the game
[22:09:33] [Server thread/INFO]: EzyyZzz lost connection: Disconnected
[22:09:33] [Server thread/INFO]: EzyyZzz left the game
[22:13:15] [Server thread/INFO]: EzyyZzz[/100.84.44.112:52537] logged in with entity id 33022 at (10213.300000011921, 131.0, 447.5895823996349)
[22:13:15] [Server thread/INFO]: EzyyZzz joined the game
[22:13:26] [Server thread/INFO]: [DasVicgeta: Teleported EzyyZzz to DasVicgeta]
[22:13:57] [Server thread/WARN]: DasVicgeta moved too quickly! 24.890501634633097,-0.28011209448271757,-11.728557651619916
[22:15:55] [Server thread/INFO]: Incorrect argument for command
[22:15:55] [Server thread/INFO]: ...AuronPlay Dasvicgetatp EzyyZzz Dasvicgeta<--[HERE]
[22:16:05] [Server thread/INFO]: Teleported EzyyZzz to DasVicgeta
[22:19:07] [Server thread/INFO]: Unknown or incomplete command, see below for error
[22:19:07] [Server thread/INFO]: <--[HERE]
[22:19:20] [Server thread/INFO]: Teleported EzyyZzz to DasVicgeta
[22:27:18] [Server thread/INFO]: EzyyZzz lost connection: Disconnected
[22:27:18] [Server thread/INFO]: EzyyZzz left the game
[22:30:07] [Server thread/INFO]: EzyyZzz[/100.84.44.112:52779] logged in with entity id 40669 at (1918.8377988308257, 63.0, -506.5342815092869)
[22:30:07] [Server thread/INFO]: EzyyZzz joined the game
[22:30:27] [Server thread/INFO]: EzyyZzz lost connection: Disconnected
[22:30:27] [Server thread/INFO]: EzyyZzz left the game
[22:32:54] [Server thread/INFO]: EzyyZzz[/100.84.44.112:52851] logged in with entity id 43514 at (1918.8377988308257, 63.0, -506.5342815092869)
[22:32:54] [Server thread/INFO]: EzyyZzz joined the game
[22:33:09] [Server thread/INFO]: EzyyZzz lost connection: Disconnected
[22:33:09] [Server thread/INFO]: EzyyZzz left the game
[22:40:15] [Server thread/INFO]: EzyyZzz[/100.84.44.112:52972] logged in with entity id 47980 at (1918.8377988308257, 63.0, -506.5342815092869)
[22:40:15] [Server thread/INFO]: EzyyZzz joined the game
[22:45:03] [Server thread/INFO]: [DasVicgeta: Teleported EzyyZzz to DasVicgeta]
[22:53:58] [Server thread/INFO]: [DasVicgeta: Set own game mode to Creative Mode]
[22:54:06] [Server thread/INFO]: [DasVicgeta: Set own game mode to Survival Mode]
[22:55:26] [Server thread/INFO]: [DasVicgeta: Set own game mode to Creative Mode]
[22:56:53] [Server thread/INFO]: [DasVicgeta: Set own game mode to Survival Mode]
[22:56:56] [Server thread/INFO]: [DasVicgeta: Set own game mode to Creative Mode]
[22:58:05] [Server thread/WARN]: Can't keep up! Is the server overloaded? Running 2085ms or 41 ticks behind
[22:59:06] [Server thread/INFO]: DasVicgeta has made the advancement [Who is Cutting Onions?]
[23:14:51] [Server thread/INFO]: [DasVicgeta: Successfully filled 1146 block(s)]
[23:15:28] [Server thread/INFO]: [DasVicgeta: Stopping the server]
[23:15:28] [Server thread/INFO]: Stopping server
[23:15:28] [Server thread/INFO]: Saving players
[23:15:28] [Server thread/INFO]: Saving worlds
[23:15:28] [Server thread/INFO]: Saving chunks for level 'ServerLevel[HARDCORE]'/minecraft:overworld
[23:15:29] [Server thread/INFO]: Saving chunks for level 'ServerLevel[HARDCORE]'/minecraft:the_end
[23:15:29] [Server thread/INFO]: Saving chunks for level 'ServerLevel[HARDCORE]'/minecraft:the_nether
[23:15:29] [Server thread/INFO]: ThreadedAnvilChunkStorage (world): All chunks are saved
[23:15:29] [Server thread/INFO]: ThreadedAnvilChunkStorage (DIM1): All chunks are saved
[23:15:29] [Server thread/INFO]: ThreadedAnvilChunkStorage (DIM-1): All chunks are saved
[23:15:29] [Server thread/INFO]: ThreadedAnvilChunkStorage: All dimensions are saved
